# JRE version: Java(TM) SE Runtime Environment (14.0.2+12) (build 14.0.2+12-46)
# Java VM: Java HotSpot(TM) 64-Bit Server VM (14.0.2+12-46, mixed mode, sharing, tiered, compressed oops, g1 gc, windows-amd64)
Heap:
 garbage-first heap   total 671744K, used 166267K [0x0000000081800000, 0x0000000100000000)
  region size 1024K, 1 young (1024K), 1 survivors (1024K)
 Metaspace       used 6364K, capacity 6677K, committed 6784K, reserved 1056768K
  class space    used 686K, capacity 807K, committed 896K, reserved 1048576K
GC Heap History (20 events):
Event: 3.858 GC heap after
{Heap after GC invocations=23 (full 0):
 garbage-first heap   total 163840K, used 84176K [0x0000000081800000, 0x0000000100000000)
  region size 1024K, 3 young (3072K), 3 survivors (3072K)
 Metaspace       used 6310K, capacity 6613K, committed 6784K, reserved 1056768K
  class space    used 685K, capacity 807K, committed 896K, reserved 1048576K
}
Event: 3.878 GC heap before
{Heap before GC invocations=24 (full 0):
 garbage-first heap   total 163840K, used 93392K [0x0000000081800000, 0x0000000100000000)
  region size 1024K, 8 young (8192K), 3 survivors (3072K)
 Metaspace       used 6310K, capacity 6613K, committed 6784K, reserved 1056768K
  class space    used 685K, capacity 807K, committed 896K, reserved 1048576K
}
Event: 3.882 GC heap after
{Heap after GC invocations=25 (full 0):
 garbage-first heap   total 163840K, used 79058K [0x0000000081800000, 0x0000000100000000)
  region size 1024K, 3 young (3072K), 3 survivors (3072K)
 Metaspace       used 6310K, capacity 6613K, committed 6784K, reserved 1056768K
  class space    used 685K, capacity 807K, committed 896K, reserved 1048576K
}
Event: 3.889 GC heap before
{Heap before GC invocations=26 (full 0):
 garbage-first heap   total 163840K, used 89298K [0x0000000081800000, 0x0000000100000000)
  region size 1024K, 4 young (4096K), 3 survivors (3072K)
 Metaspace       used 6311K, capacity 6613K, committed 6784K, reserved 1056768K
  class space    used 685K, capacity 807K, committed 896K, reserved 1048576K
}
Event: 3.893 GC heap after
{Heap after GC invocations=27 (full 0):
 garbage-first heap   total 247808K, used 89398K [0x0000000081800000, 0x0000000100000000)
  region size 1024K, 1 young (1024K), 1 survivors (1024K)
 Metaspace       used 6311K, capacity 6613K, committed 6784K, reserved 1056768K
  class space    used 685K, capacity 807K, committed 896K, reserved 1048576K
}
Event: 3.941 GC heap before
{Heap before GC invocations=28 (full 0):
 garbage-first heap   total 247808K, used 118070K [0x0000000081800000, 0x0000000100000000)
  region size 1024K, 10 young (10240K), 1 survivors (1024K)
 Metaspace       used 6314K, capacity 6613K, committed 6784K, reserved 1056768K
  class space    used 685K, capacity 807K, committed 896K, reserved 1048576K
}
Event: 3.943 GC heap after
{Heap after GC invocations=29 (full 0):
 garbage-first heap   total 247808K, used 99629K [0x0000000081800000, 0x0000000100000000)
  region size 1024K, 1 young (1024K), 1 survivors (1024K)
 Metaspace       used 6314K, capacity 6613K, committed 6784K, reserved 1056768K
  class space    used 685K, capacity 807K, committed 896K, reserved 1048576K
}
Event: 3.951 GC heap before
{Heap before GC invocations=30 (full 0):
 garbage-first heap   total 247808K, used 109869K [0x0000000081800000, 0x0000000100000000)
  region size 1024K, 2 young (2048K), 1 survivors (1024K)
 Metaspace       used 6314K, capacity 6613K, committed 6784K, reserved 1056768K
  class space    used 685K, capacity 807K, committed 896K, reserved 1048576K
}
Event: 3.953 GC heap after
{Heap after GC invocations=31 (full 0):
 garbage-first heap   total 247808K, used 99611K [0x0000000081800000, 0x0000000100000000)
  region size 1024K, 1 young (1024K), 1 survivors (1024K)
 Metaspace       used 6314K, capacity 6613K, committed 6784K, reserved 1056768K
  class space    used 685K, capacity 807K, committed 896K, reserved 1048576K
}
Event: 3.974 GC heap before
{Heap before GC invocations=32 (full 0):
 garbage-first heap   total 247808K, used 113947K [0x0000000081800000, 0x0000000100000000)
  region size 1024K, 6 young (6144K), 1 survivors (1024K)
 Metaspace       used 6314K, capacity 6613K, committed 6784K, reserved 1056768K
  class space    used 685K, capacity 807K, committed 896K, reserved 1048576K
}
Event: 3.976 GC heap after
{Heap after GC invocations=33 (full 0):
 garbage-first heap   total 247808K, used 99577K [0x0000000081800000, 0x0000000100000000)
  region size 1024K, 1 young (1024K), 1 survivors (1024K)
 Metaspace       used 6314K, capacity 6613K, committed 6784K, reserved 1056768K
  class space    used 685K, capacity 807K, committed 896K, reserved 1048576K
}
Event: 4.005 GC heap before
{Heap before GC invocations=34 (full 0):
 garbage-first heap   total 247808K, used 113913K [0x0000000081800000, 0x0000000100000000)
  region size 1024K, 6 young (6144K), 1 survivors (1024K)
 Metaspace       used 6315K, capacity 6613K, committed 6784K, reserved 1056768K
  class space    used 685K, capacity 807K, committed 896K, reserved 1048576K
}
Event: 4.011 GC heap after
{Heap after GC invocations=35 (full 0):
 garbage-first heap   total 495616K, used 109815K [0x0000000081800000, 0x0000000100000000)
  region size 1024K, 1 young (1024K), 1 survivors (1024K)
 Metaspace       used 6315K, capacity 6613K, committed 6784K, reserved 1056768K
  class space    used 685K, capacity 807K, committed 896K, reserved 1048576K
}
Event: 4.178 GC heap before
{Heap before GC invocations=36 (full 0):
 garbage-first heap   total 409600K, used 208119K [0x0000000081800000, 0x0000000100000000)
  region size 1024K, 28 young (28672K), 1 survivors (1024K)
 Metaspace       used 6319K, capacity 6613K, committed 6784K, reserved 1056768K
  class space    used 685K, capacity 807K, committed 896K, reserved 1048576K
}
Event: 4.180 GC heap after
{Heap after GC invocations=37 (full 0):
 garbage-first heap   total 409600K, used 171298K [0x0000000081800000, 0x0000000100000000)
  region size 1024K, 1 young (1024K), 1 survivors (1024K)
 Metaspace       used 6319K, capacity 6613K, committed 6784K, reserved 1056768K
  class space    used 685K, capacity 807K, committed 896K, reserved 1048576K
}
Event: 4.199 GC heap before
{Heap before GC invocations=38 (full 0):
 garbage-first heap   total 409600K, used 185634K [0x0000000081800000, 0x0000000100000000)
  region size 1024K, 6 young (6144K), 1 survivors (1024K)
 Metaspace       used 6319K, capacity 6613K, committed 6784K, reserved 1056768K
  class space    used 685K, capacity 807K, committed 896K, reserved 1048576K
}
Event: 4.201 GC heap after
{Heap after GC invocations=39 (full 0):
 garbage-first heap   total 409600K, used 140554K [0x0000000081800000, 0x0000000100000000)
  region size 1024K, 1 young (1024K), 1 survivors (1024K)
 Metaspace       used 6319K, capacity 6613K, committed 6784K, reserved 1056768K
  class space    used 685K, capacity 807K, committed 896K, reserved 1048576K
}
Event: 4.307 GC heap before
{Heap before GC invocations=40 (full 0):
 garbage-first heap   total 409600K, used 198922K [0x0000000081800000, 0x0000000100000000)
  region size 1024K, 19 young (19456K), 1 survivors (1024K)
 Metaspace       used 6323K, capacity 6613K, committed 6784K, reserved 1056768K
  class space    used 685K, capacity 807K, committed 896K, reserved 1048576K
}
Event: 4.309 GC heap after
{Heap after GC invocations=41 (full 0):
 garbage-first heap   total 409600K, used 181520K [0x0000000081800000, 0x0000000100000000)
  region size 1024K, 1 young (1024K), 1 survivors (1024K)
 Metaspace       used 6323K, capacity 6613K, committed 6784K, reserved 1056768K
  class space    used 685K, capacity 807K, committed 896K, reserved 1048576K
}
Event: 4.349 GC heap before
{Heap before GC invocations=42 (full 0):
 garbage-first heap   total 409600K, used 172304K [0x0000000081800000, 0x0000000100000000)
  region size 1024K, 3 young (3072K), 1 survivors (1024K)
 Metaspace       used 6364K, capacity 6677K, committed 6784K, reserved 1056768K
  class space    used 686K, capacity 807K, committed 896K, reserved 1048576K
}

