# JRE version: Java(TM) SE Runtime Environment (14.0.2+12) (build 14.0.2+12-46)
# Java VM: Java HotSpot(TM) 64-Bit Server VM (14.0.2+12-46, mixed mode, sharing, tiered, compressed oops, g1 gc, windows-amd64)
Heap:
 garbage-first heap   total 640000K, used 141622K [0x0000000081800000, 0x0000000100000000)
  region size 1024K, 1 young (1024K), 1 survivors (1024K)
 Metaspace       used 6320K, capacity 6613K, committed 6784K, reserved 1056768K
  class space    used 685K, capacity 807K, committed 896K, reserved 1048576K
GC Heap History (20 events):
Event: 4.314 GC heap after
{Heap after GC invocations=17 (full 0):
 garbage-first heap   total 163840K, used 69842K [0x0000000081800000, 0x0000000100000000)
  region size 1024K, 3 young (3072K), 3 survivors (3072K)
 Metaspace       used 6311K, capacity 6613K, committed 6784K, reserved 1056768K
  class space    used 685K, capacity 807K, committed 896K, reserved 1048576K
}
Event: 4.322 GC heap before
{Heap before GC invocations=18 (full 0):
 garbage-first heap   total 163840K, used 80082K [0x0000000081800000, 0x0000000100000000)
  region size 1024K, 4 young (4096K), 3 survivors (3072K)
 Metaspace       used 6311K, capacity 6613K, committed 6784K, reserved 1056768K
  class space    used 685K, capacity 807K, committed 896K, reserved 1048576K
}
Event: 4.325 GC heap after
{Heap after GC invocations=19 (full 0):
 garbage-first heap   total 163840K, used 80186K [0x0000000081800000, 0x0000000100000000)
  region size 1024K, 3 young (3072K), 3 survivors (3072K)
 Metaspace       used 6311K, capacity 6613K, committed 6784K, reserved 1056768K
  class space    used 685K, capacity 807K, committed 896K, reserved 1048576K
}
Event: 4.348 GC heap before
{Heap before GC invocations=20 (full 0):
 garbage-first heap   total 163840K, used 89402K [0x0000000081800000, 0x0000000100000000)
  region size 1024K, 8 young (8192K), 3 survivors (3072K)
 Metaspace       used 6311K, capacity 6613K, committed 6784K, reserved 1056768K
  class space    used 685K, capacity 807K, committed 896K, reserved 1048576K
}
Event: 4.352 GC heap after
{Heap after GC invocations=21 (full 0):
 garbage-first heap   total 163840K, used 75065K [0x0000000081800000, 0x0000000100000000)
  region size 1024K, 3 young (3072K), 3 survivors (3072K)
 Metaspace       used 6311K, capacity 6613K, committed 6784K, reserved 1056768K
  class space    used 685K, capacity 807K, committed 896K, reserved 1048576K
}
Event: 4.359 GC heap before
{Heap before GC invocations=22 (full 0):
 garbage-first heap   total 163840K, used 85305K [0x0000000081800000, 0x0000000100000000)
  region size 1024K, 4 young (4096K), 3 survivors (3072K)
 Metaspace       used 6312K, capacity 6613K, committed 6784K, reserved 1056768K
  class space    used 685K, capacity 807K, committed 896K, reserved 1048576K
}
Event: 4.363 GC heap after
{Heap after GC invocations=23 (full 0):
 garbage-first heap   total 163840K, used 85302K [0x0000000081800000, 0x0000000100000000)
  region size 1024K, 3 young (3072K), 3 survivors (3072K)
 Metaspace       used 6312K, capacity 6613K, committed 6784K, reserved 1056768K
  class space    used 685K, capacity 807K, committed 896K, reserved 1048576K
}
Event: 4.385 GC heap before
{Heap before GC invocations=24 (full 0):
 garbage-first heap   total 163840K, used 94518K [0x0000000081800000, 0x0000000100000000)
  region size 1024K, 8 young (8192K), 3 survivors (3072K)
 Metaspace       used 6312K, capacity 6613K, committed 6784K, reserved 1056768K
  class space    used 685K, capacity 807K, committed 896K, reserved 1048576K
}
Event: 4.389 GC heap after
{Heap after GC invocations=25 (full 0):
 garbage-first heap   total 163840K, used 80188K [0x0000000081800000, 0x0000000100000000)
  region size 1024K, 3 young (3072K), 3 survivors (3072K)
 Metaspace       used 6312K, capacity 6613K, committed 6784K, reserved 1056768K
  class space    used 685K, capacity 807K, committed 896K, reserved 1048576K
}
Event: 4.396 GC heap before
{Heap before GC invocations=26 (full 0):
 garbage-first heap   total 163840K, used 90428K [0x0000000081800000, 0x0000000100000000)
  region size 1024K, 4 young (4096K), 3 survivors (3072K)
 Metaspace       used 6312K, capacity 6613K, committed 6784K, reserved 1056768K
  class space    used 685K, capacity 807K, committed 896K, reserved 1048576K
}
Event: 4.400 GC heap after
{Heap after GC invocations=27 (full 0):
 garbage-first heap   total 163840K, used 90422K [0x0000000081800000, 0x0000000100000000)
  region size 1024K, 1 young (1024K), 1 survivors (1024K)
 Metaspace       used 6312K, capacity 6613K, committed 6784K, reserved 1056768K
  class space    used 685K, capacity 807K, committed 896K, reserved 1048576K
}
Event: 4.421 GC heap before
{Heap before GC invocations=28 (full 0):
 garbage-first heap   total 163840K, used 99638K [0x0000000081800000, 0x0000000100000000)
  region size 1024K, 6 young (6144K), 1 survivors (1024K)
 Metaspace       used 6312K, capacity 6613K, committed 6784K, reserved 1056768K
  class space    used 685K, capacity 807K, committed 896K, reserved 1048576K
}
Event: 4.426 GC heap after
{Heap after GC invocations=29 (full 0):
 garbage-first heap   total 327680K, used 85375K [0x0000000081800000, 0x0000000100000000)
  region size 1024K, 1 young (1024K), 1 survivors (1024K)
 Metaspace       used 6312K, capacity 6613K, committed 6784K, reserved 1056768K
  class space    used 685K, capacity 807K, committed 896K, reserved 1048576K
}
Event: 4.567 GC heap before
{Heap before GC invocations=30 (full 0):
 garbage-first heap   total 327680K, used 169343K [0x0000000081800000, 0x0000000100000000)
  region size 1024K, 24 young (24576K), 1 survivors (1024K)
 Metaspace       used 6318K, capacity 6613K, committed 6784K, reserved 1056768K
  class space    used 685K, capacity 807K, committed 896K, reserved 1048576K
}
Event: 4.569 GC heap after
{Heap after GC invocations=31 (full 0):
 garbage-first heap   total 327680K, used 146787K [0x0000000081800000, 0x0000000100000000)
  region size 1024K, 1 young (1024K), 1 survivors (1024K)
 Metaspace       used 6318K, capacity 6613K, committed 6784K, reserved 1056768K
  class space    used 685K, capacity 807K, committed 896K, reserved 1048576K
}
Event: 4.591 GC heap before
{Heap before GC invocations=32 (full 0):
 garbage-first heap   total 327680K, used 156003K [0x0000000081800000, 0x0000000100000000)
  region size 1024K, 6 young (6144K), 1 survivors (1024K)
 Metaspace       used 6319K, capacity 6613K, committed 6784K, reserved 1056768K
  class space    used 685K, capacity 807K, committed 896K, reserved 1048576K
}
Event: 4.593 GC heap after
{Heap after GC invocations=33 (full 0):
 garbage-first heap   total 327680K, used 116016K [0x0000000081800000, 0x0000000100000000)
  region size 1024K, 1 young (1024K), 1 survivors (1024K)
 Metaspace       used 6319K, capacity 6613K, committed 6784K, reserved 1056768K
  class space    used 685K, capacity 807K, committed 896K, reserved 1048576K
}
Event: 4.640 GC heap before
{Heap before GC invocations=34 (full 0):
 garbage-first heap   total 327680K, used 149808K [0x0000000081800000, 0x0000000100000000)
  region size 1024K, 10 young (10240K), 1 survivors (1024K)
 Metaspace       used 6320K, capacity 6613K, committed 6784K, reserved 1056768K
  class space    used 685K, capacity 807K, committed 896K, reserved 1048576K
}
Event: 4.642 GC heap after
{Heap after GC invocations=35 (full 0):
 garbage-first heap   total 327680K, used 141622K [0x0000000081800000, 0x0000000100000000)
  region size 1024K, 1 young (1024K), 1 survivors (1024K)
 Metaspace       used 6320K, capacity 6613K, committed 6784K, reserved 1056768K
  class space    used 685K, capacity 807K, committed 896K, reserved 1048576K
}
Event: 4.665 GC heap before
{Heap before GC invocations=36 (full 0):
 garbage-first heap   total 327680K, used 161078K [0x0000000081800000, 0x0000000100000000)
  region size 1024K, 6 young (6144K), 1 survivors (1024K)
 Metaspace       used 6320K, capacity 6613K, committed 6784K, reserved 1056768K
  class space    used 685K, capacity 807K, committed 896K, reserved 1048576K
}

