# JRE version: Java(TM) SE Runtime Environment (14.0.2+12) (build 14.0.2+12-46)
# Java VM: Java HotSpot(TM) 64-Bit Server VM (14.0.2+12-46, mixed mode, sharing, tiered, compressed oops, g1 gc, windows-amd64)
Heap:
 garbage-first heap   total 661504K, used 155951K [0x0000000081800000, 0x0000000100000000)
  region size 1024K, 1 young (1024K), 1 survivors (1024K)
 Metaspace       used 6323K, capacity 6613K, committed 6784K, reserved 1056768K
  class space    used 685K, capacity 807K, committed 896K, reserved 1048576K
GC Heap History (20 events):
Event: 3.753 GC heap after
{Heap after GC invocations=23 (full 0):
 garbage-first heap   total 163840K, used 84279K [0x0000000081800000, 0x0000000100000000)
  region size 1024K, 3 young (3072K), 3 survivors (3072K)
 Metaspace       used 6311K, capacity 6613K, committed 6784K, reserved 1056768K
  class space    used 685K, capacity 807K, committed 896K, reserved 1048576K
}
Event: 3.772 GC heap before
{Heap before GC invocations=24 (full 0):
 garbage-first heap   total 163840K, used 93495K [0x0000000081800000, 0x0000000100000000)
  region size 1024K, 8 young (8192K), 3 survivors (3072K)
 Metaspace       used 6311K, capacity 6613K, committed 6784K, reserved 1056768K
  class space    used 685K, capacity 807K, committed 896K, reserved 1048576K
}
Event: 3.776 GC heap after
{Heap after GC invocations=25 (full 0):
 garbage-first heap   total 163840K, used 79056K [0x0000000081800000, 0x0000000100000000)
  region size 1024K, 3 young (3072K), 3 survivors (3072K)
 Metaspace       used 6311K, capacity 6613K, committed 6784K, reserved 1056768K
  class space    used 685K, capacity 807K, committed 896K, reserved 1048576K
}
Event: 3.783 GC heap before
{Heap before GC invocations=26 (full 0):
 garbage-first heap   total 163840K, used 89296K [0x0000000081800000, 0x0000000100000000)
  region size 1024K, 4 young (4096K), 3 survivors (3072K)
 Metaspace       used 6312K, capacity 6613K, committed 6784K, reserved 1056768K
  class space    used 685K, capacity 807K, committed 896K, reserved 1048576K
}
Event: 3.787 GC heap after
{Heap after GC invocations=27 (full 0):
 garbage-first heap   total 250880K, used 89497K [0x0000000081800000, 0x0000000100000000)
  region size 1024K, 1 young (1024K), 1 survivors (1024K)
 Metaspace       used 6312K, capacity 6613K, committed 6784K, reserved 1056768K
  class space    used 685K, capacity 807K, committed 896K, reserved 1048576K
}
Event: 3.834 GC heap before
{Heap before GC invocations=28 (full 0):
 garbage-first heap   total 250880K, used 118169K [0x0000000081800000, 0x0000000100000000)
  region size 1024K, 10 young (10240K), 1 survivors (1024K)
 Metaspace       used 6312K, capacity 6613K, committed 6784K, reserved 1056768K
  class space    used 685K, capacity 807K, committed 896K, reserved 1048576K
}
Event: 3.836 GC heap after
{Heap after GC invocations=29 (full 0):
 garbage-first heap   total 250880K, used 99588K [0x0000000081800000, 0x0000000100000000)
  region size 1024K, 1 young (1024K), 1 survivors (1024K)
 Metaspace       used 6312K, capacity 6613K, committed 6784K, reserved 1056768K
  class space    used 685K, capacity 807K, committed 896K, reserved 1048576K
}
Event: 3.862 GC heap before
{Heap before GC invocations=30 (full 0):
 garbage-first heap   total 250880K, used 119044K [0x0000000081800000, 0x0000000100000000)
  region size 1024K, 6 young (6144K), 1 survivors (1024K)
 Metaspace       used 6312K, capacity 6613K, committed 6784K, reserved 1056768K
  class space    used 685K, capacity 807K, committed 896K, reserved 1048576K
}
Event: 3.864 GC heap after
{Heap after GC invocations=31 (full 0):
 garbage-first heap   total 250880K, used 104711K [0x0000000081800000, 0x0000000100000000)
  region size 1024K, 1 young (1024K), 1 survivors (1024K)
 Metaspace       used 6312K, capacity 6613K, committed 6784K, reserved 1056768K
  class space    used 685K, capacity 807K, committed 896K, reserved 1048576K
}
Event: 3.871 GC heap before
{Heap before GC invocations=32 (full 0):
 garbage-first heap   total 250880K, used 114951K [0x0000000081800000, 0x0000000100000000)
  region size 1024K, 2 young (2048K), 1 survivors (1024K)
 Metaspace       used 6313K, capacity 6613K, committed 6784K, reserved 1056768K
  class space    used 685K, capacity 807K, committed 896K, reserved 1048576K
}
Event: 3.873 GC heap after
{Heap after GC invocations=33 (full 0):
 garbage-first heap   total 250880K, used 104720K [0x0000000081800000, 0x0000000100000000)
  region size 1024K, 1 young (1024K), 1 survivors (1024K)
 Metaspace       used 6313K, capacity 6613K, committed 6784K, reserved 1056768K
  class space    used 685K, capacity 807K, committed 896K, reserved 1048576K
}
Event: 3.894 GC heap before
{Heap before GC invocations=34 (full 0):
 garbage-first heap   total 250880K, used 113936K [0x0000000081800000, 0x0000000100000000)
  region size 1024K, 6 young (6144K), 1 survivors (1024K)
 Metaspace       used 6313K, capacity 6613K, committed 6784K, reserved 1056768K
  class space    used 685K, capacity 807K, committed 896K, reserved 1048576K
}
Event: 3.900 GC heap after
{Heap after GC invocations=35 (full 0):
 garbage-first heap   total 501760K, used 99581K [0x0000000081800000, 0x0000000100000000)
  region size 1024K, 1 young (1024K), 1 survivors (1024K)
 Metaspace       used 6313K, capacity 6613K, committed 6784K, reserved 1056768K
  class space    used 685K, capacity 807K, committed 896K, reserved 1048576K
}
Event: 4.056 GC heap before
{Heap before GC invocations=36 (full 0):
 garbage-first heap   total 375808K, used 192765K [0x0000000081800000, 0x0000000100000000)
  region size 1024K, 28 young (28672K), 1 survivors (1024K)
 Metaspace       used 6318K, capacity 6613K, committed 6784K, reserved 1056768K
  class space    used 685K, capacity 807K, committed 896K, reserved 1048576K
}
Event: 4.058 GC heap after
{Heap after GC invocations=37 (full 0):
 garbage-first heap   total 375808K, used 166152K [0x0000000081800000, 0x0000000100000000)
  region size 1024K, 1 young (1024K), 1 survivors (1024K)
 Metaspace       used 6318K, capacity 6613K, committed 6784K, reserved 1056768K
  class space    used 685K, capacity 807K, committed 896K, reserved 1048576K
}
Event: 4.095 GC heap before
{Heap before GC invocations=38 (full 0):
 garbage-first heap   total 375808K, used 170248K [0x0000000081800000, 0x0000000100000000)
  region size 1024K, 6 young (6144K), 1 survivors (1024K)
 Metaspace       used 6320K, capacity 6613K, committed 6784K, reserved 1056768K
  class space    used 685K, capacity 807K, committed 896K, reserved 1048576K
}
Event: 4.097 GC heap after
{Heap after GC invocations=39 (full 0):
 garbage-first heap   total 375808K, used 150821K [0x0000000081800000, 0x0000000100000000)
  region size 1024K, 1 young (1024K), 1 survivors (1024K)
 Metaspace       used 6320K, capacity 6613K, committed 6784K, reserved 1056768K
  class space    used 685K, capacity 807K, committed 896K, reserved 1048576K
}
Event: 4.132 GC heap before
{Heap before GC invocations=40 (full 0):
 garbage-first heap   total 375808K, used 170277K [0x0000000081800000, 0x0000000100000000)
  region size 1024K, 6 young (6144K), 1 survivors (1024K)
 Metaspace       used 6322K, capacity 6613K, committed 6784K, reserved 1056768K
  class space    used 685K, capacity 807K, committed 896K, reserved 1048576K
}
Event: 4.134 GC heap after
{Heap after GC invocations=41 (full 0):
 garbage-first heap   total 375808K, used 150827K [0x0000000081800000, 0x0000000100000000)
  region size 1024K, 1 young (1024K), 1 survivors (1024K)
 Metaspace       used 6322K, capacity 6613K, committed 6784K, reserved 1056768K
  class space    used 685K, capacity 807K, committed 896K, reserved 1048576K
}
Event: 4.158 GC heap before
{Heap before GC invocations=42 (full 0):
 garbage-first heap   total 375808K, used 170283K [0x0000000081800000, 0x0000000100000000)
  region size 1024K, 6 young (6144K), 1 survivors (1024K)
 Metaspace       used 6323K, capacity 6613K, committed 6784K, reserved 1056768K
  class space    used 685K, capacity 807K, committed 896K, reserved 1048576K
}

